<?xml version="1.0" encoding="UTF-8"?>
<testsuite xmlns:xsi="http://www.w3.org/2001/XMLSchema-instance" xsi:schemaLocation="https://maven.apache.org/surefire/maven-surefire-plugin/xsd/surefire-test-report.xsd" name="test.DemoRunner" time="91.989" tests="15" errors="0" skipped="0" failures="0">
  <properties>
[...]
</properties>
  <testcase name="Given Open Firefox browser and start the application" classname="| test1@xyz.com | test12 |" time="0.002"/>
  <testcase name="When Enter the valid &quot;test1@xyz.com&quot; and &quot;test12&quot;" classname="| test1@xyz.com | test12 |" time="0"/>
  <testcase name="Then user should be able to login" classname="| test1@xyz.com | test12 |" time="0"/>
  <testcase name="Then close the browser" classname="| test1@xyz.com | test12 |" time="0"/>
  <testcase name="| test1@xyz.com | test12 |" classname="| test1@xyz.com | test12 |" time="0"/>
  <testcase name="Given Open Firefox browser and start the application" classname="| test3@xyz.com | test13 |" time="0"/>
  <testcase name="When Enter the valid &quot;test3@xyz.com&quot; and &quot;test13&quot;" classname="| test3@xyz.com | test13 |" time="0"/>
  <testcase name="Then user should be able to login" classname="| test3@xyz.com | test13 |" time="0"/>
  <testcase name="Then close the browser" classname="| test3@xyz.com | test13 |" time="0"/>
  <testcase name="| test3@xyz.com | test13 |" classname="| test3@xyz.com | test13 |" time="0"/>
  <testcase name="Given Open Firefox browser and start the application" classname="| test4@xyz.com | test14 |" time="0"/>
  <testcase name="When Enter the valid &quot;test4@xyz.com&quot; and &quot;test14&quot;" classname="| test4@xyz.com | test14 |" time="0"/>
  <testcase name="Then user should be able to login" classname="| test4@xyz.com | test14 |" time="0"/>
  <testcase name="Then close the browser" classname="| test4@xyz.com | test14 |" time="0"/>
  <testcase name="| test4@xyz.com | test14 |" classname="| test4@xyz.com | test14 |" time="0.001"/>
</testsuite>